yarn run v1.22.22
$ next dev
   ▲ Next.js 15.5.18
   - Local:        http://localhost:3000
   - Network:      http://192.168.0.2:3000
   - Experiments (use with caution):
     ⨯ serverMinification

 ✓ Starting...
 ✓ Ready in 2.2s
 ○ Compiling /auth/login ...
 ✓ Compiled /auth/login in 32.8s (3686 modules)
 GET /auth/login 200 in 38788ms
 ○ Compiling /api/auth/[...nextauth] ...
 ✓ Compiled /api/auth/[...nextauth] in 2.1s (447 modules)
[next-auth][warn][NEXTAUTH_URL]
https://next-auth.js.org/warnings#nextauth_url
 GET /api/auth/session 200 in 2795ms
 GET /api/auth/session 200 in 8ms
 ○ Compiling /api/v1/[trpc] ...
 ✓ Compiled /api/v1/[trpc] in 1037ms (543 modules)
 GET /api/auth/csrf 200 in 1801ms
 GET /api/v1/globalConfigs.getStatic?batch=1&input=%7B%7D 200 in 2242ms
 GET /api/auth/csrf 200 in 11ms
 GET /auth/login 200 in 2445ms
 GET /api/auth/session 200 in 20ms
 GET /api/auth/session 200 in 13ms
 GET /api/v1/globalConfigs.getStatic?batch=1&input=%7B%7D 200 in 16ms
 GET /api/auth/csrf 200 in 9ms
 GET /api/auth/csrf 200 in 8ms
 GET /auth/login 200 in 240ms
 GET /api/auth/session 200 in 15ms
 GET /api/auth/session 200 in 13ms
 GET /api/v1/globalConfigs.getStatic?batch=1&input=%7B%7D 200 in 11ms
 GET /api/auth/csrf 200 in 13ms
 GET /api/auth/csrf 200 in 11ms
 GET /api/auth/providers 200 in 11ms
 GET /api/auth/csrf 200 in 5ms
 POST /api/auth/callback/id-password 401 in 77ms
[26-06-09 02:11:59.470]  ○ Compiling /projects/create ...
[26-06-09 02:12:00.752]  ✓ Compiled /projects/create in 1871ms (3895 modules)
 GET /projects/create 200 in 3737ms
 GET /api/auth/session 200 in 168ms
 GET /api/auth/session 200 in 8ms
 GET /_next/data/development/auth/login.json?callbackUrl=%2Fprojects%2Fcreate 200 in 232ms
 GET /api/auth/csrf 200 in 7ms
 GET /api/v1/globalConfigs.getStatic?batch=1&input=%7B%7D 200 in 252ms
 GET /api/auth/csrf 200 in 5ms
 GET /auth/login 200 in 281ms
 GET /api/auth/session 200 in 10ms
 GET /api/auth/session 200 in 12ms
 GET /api/v1/globalConfigs.getStatic?batch=1&input=%7B%7D 200 in 16ms
 GET /api/auth/csrf 200 in 9ms
 GET /api/auth/csrf 200 in 9ms
 GET /api/auth/providers 200 in 8ms
 GET /api/auth/csrf 200 in 16ms
 POST /api/auth/callback/id-password 401 in 85ms
 GET /projects/create 200 in 285ms
 GET /api/auth/session 200 in 15ms
 GET /api/auth/session 200 in 25ms
 GET /_next/data/development/auth/login.json?callbackUrl=%2Fprojects%2Fcreate 200 in 216ms
 GET /api/v1/globalConfigs.getStatic?batch=1&input=%7B%7D 200 in 44ms
 GET /api/auth/csrf 200 in 64ms
 GET /api/auth/csrf 200 in 19ms
 GET /auth/login 200 in 240ms
 GET /api/auth/session 200 in 16ms
 GET /api/auth/session 200 in 13ms
 GET /api/v1/globalConfigs.getStatic?batch=1&input=%7B%7D 200 in 12ms
 GET /api/auth/csrf 200 in 11ms
 GET /api/auth/csrf 200 in 10ms
 GET /api/auth/providers 200 in 10ms
 GET /api/auth/csrf 200 in 5ms
 POST /api/auth/callback/id-password 200 in 196ms
 GET /api/auth/session 200 in 16ms
[26-06-09 02:16:41.499]  ○ Compiling / ...
[26-06-09 02:16:46.560]  ✓ Compiled /projects/create in 5.6s (3923 modules)
 GET /projects/create 200 in 6360ms
 GET /api/v1/users.getUserState,kudos.getLastKudosCreatedAt,tasks.getLastTasksUpdatedAt,mentorships.listMyMentorships,groups.listMine,tasks.list,users.getUserProfile?batch=1&input=%7B%223%22%3A%7B%22as%22%3A%22Mentor%22%7D%2C%224%22%3A%7B%22includeOwned%22%3Afalse%7D%2C%225%22%3A%7B%22assigneeIds%22%3A%5B%2254d2c56a-67a8-461c-9c97-52335c509e19%22%5D%2C%22includeTasksCreatedByMe%22%3Atrue%2C%22includeDoneTasks%22%3Afalse%7D%2C%226%22%3A%7B%22userId%22%3A%2254d2c56a-67a8-461c-9c97-52335c509e19%22%7D%7D 200 in 561ms
 GET /api/auth/session 200 in 29ms
 GET /api/auth/session 200 in 12ms
 GET /api/v1/users.getUserState,kudos.getLastKudosCreatedAt,tasks.getLastTasksUpdatedAt,mentorships.listMyMentorships,globalConfigs.getStatic,users.getUserProfile?batch=1&input=%7B%223%22%3A%7B%22as%22%3A%22Mentor%22%7D%2C%225%22%3A%7B%22userId%22%3A%2254d2c56a-67a8-461c-9c97-52335c509e19%22%7D%7D 200 in 42ms
 GET /api/v1/chat.getLastReadAt,chat.getLastMessageUpdatedAt?batch=1&input=%7B%220%22%3A%7B%22menteeId%22%3A%2285ce0631-1b92-49d3-b983-733877e8906f%22%7D%2C%221%22%3A%7B%22menteeId%22%3A%2285ce0631-1b92-49d3-b983-733877e8906f%22%7D%7D 200 in 17ms
 GET /auth/login 200 in 281ms
 GET /api/auth/session 200 in 12ms
 GET /api/auth/session 200 in 14ms
 GET /api/v1/globalConfigs.getStatic?batch=1&input=%7B%7D 200 in 10ms
 GET /api/auth/csrf 200 in 12ms
 GET /api/auth/csrf 200 in 16ms
 GET /api/auth/providers 200 in 11ms
 GET /api/auth/csrf 200 in 4ms
 POST /api/auth/callback/id-password 200 in 164ms
 GET /api/auth/session 200 in 9ms
 GET /api/v1/users.getUserState,kudos.getLastKudosCreatedAt,tasks.getLastTasksUpdatedAt,mentorships.listMyMentorships,groups.listMine,tasks.list,users.getUserProfile?batch=1&input=%7B%223%22%3A%7B%22as%22%3A%22Mentor%22%7D%2C%224%22%3A%7B%22includeOwned%22%3Afalse%7D%2C%225%22%3A%7B%22assigneeIds%22%3A%5B%2254d2c56a-67a8-461c-9c97-52335c509e19%22%5D%2C%22includeTasksCreatedByMe%22%3Atrue%2C%22includeDoneTasks%22%3Afalse%7D%2C%226%22%3A%7B%22userId%22%3A%2254d2c56a-67a8-461c-9c97-52335c509e19%22%7D%7D 200 in 80ms
 GET /api/v1/users.getUserState,users.getUserState,chat.getLastReadAt,chat.getLastMessageUpdatedAt?batch=1&input=%7B%221%22%3A%7B%22userId%22%3A%2254d2c56a-67a8-461c-9c97-52335c509e19%22%2C%22returnEmptyStateIfNoPermission%22%3Atrue%7D%2C%222%22%3A%7B%22menteeId%22%3A%2285ce0631-1b92-49d3-b983-733877e8906f%22%7D%2C%223%22%3A%7B%22menteeId%22%3A%2285ce0631-1b92-49d3-b983-733877e8906f%22%7D%7D 200 in 31ms
 POST /api/v1/users.setMyState?batch=1 200 in 24ms
 GET /api/v1/users.getUserState?batch=1&input=%7B%7D 200 in 9ms
 GET /projects/create 200 in 227ms
 GET /api/auth/session 200 in 19ms
 GET /api/auth/session 200 in 11ms
 GET /api/v1/users.getUserState,kudos.getLastKudosCreatedAt,tasks.getLastTasksUpdatedAt,mentorships.listMyMentorships,globalConfigs.getStatic,users.getUserProfile?batch=1&input=%7B%223%22%3A%7B%22as%22%3A%22Mentor%22%7D%2C%225%22%3A%7B%22userId%22%3A%2254d2c56a-67a8-461c-9c97-52335c509e19%22%7D%7D 200 in 35ms
 GET /api/v1/chat.getLastReadAt,chat.getLastMessageUpdatedAt?batch=1&input=%7B%220%22%3A%7B%22menteeId%22%3A%2285ce0631-1b92-49d3-b983-733877e8906f%22%7D%2C%221%22%3A%7B%22menteeId%22%3A%2285ce0631-1b92-49d3-b983-733877e8906f%22%7D%7D 200 in 16ms
 GET /api/v1/users.list?batch=1&input=%7B%220%22%3A%7B%22matchesNameOrEmail%22%3A%22admin%22%7D%7D 200 in 25ms
 POST /api/v1/projects.create?batch=1 200 in 17ms
[26-06-09 02:20:13.506]  ○ Compiling /projects/[id] ...
[26-06-09 02:20:14.790]  ✓ Compiled /projects/[id] in 2.1s (3927 modules)
 GET /api/v1/chat.getLastReadAt,chat.getLastMessageUpdatedAt,projects.get?batch=1&input=%7B%220%22%3A%7B%22menteeId%22%3A%2285ce0631-1b92-49d3-b983-733877e8906f%22%7D%2C%221%22%3A%7B%22menteeId%22%3A%2285ce0631-1b92-49d3-b983-733877e8906f%22%7D%2C%222%22%3A%7B%22id%22%3A%22c81e39ab-4ae1-4d3b-a7a7-795562b3730f%22%7D%7D 200 in 369ms
